[2019-01-17T15:17:05.852] [INFO] response - DEBUG=>999999999999
[2019-01-17T15:53:39.731] [INFO] response - DEBUG=>999999999999
[2019-01-17T15:53:39.753] [INFO] response - 
*************** response log start ***************
request method: GET
request originalUrl:  /api/login
request client ip:  ::1
request query:  {}
response time: 29
response status: 200
response body: 
"{\n  \"code\": 200,\n  \"msg\": \"注册成功HELLO:  (jack)\",\n  \"data\": {\n    \"token\": \"eyJhbGciOiJIUzI1NiIsInR5cCI6IkpXVCJ9.eyJuYW1lIjoiY2F0IiwiaWQiOjEsImlhdCI6MTU0NzcxMTYxOSwiZXhwIjoxNTQ3NzE4ODE5fQ.aEWQZPgrQ92OHkWoAjmyFoTk3QcsouKLs2kUIBFfVB8\",\n    \"payload\": {\n      \"name\": \"cat\",\n      \"id\": 1,\n      \"iat\": 1547711619,\n      \"exp\": 1547718819\n    }\n  }\n}"
*************** response log end ***************

[2019-01-17T15:53:41.171] [INFO] response - DEBUG=>999999999999
[2019-01-17T15:53:41.181] [INFO] response - 
*************** response log start ***************
request method: GET
request originalUrl:  /api/login
request client ip:  ::1
request query:  {}
response time: 12
response status: 200
response body: 
"{\n  \"code\": 200,\n  \"msg\": \"注册成功HELLO:  (jack)\",\n  \"data\": {\n    \"token\": \"eyJhbGciOiJIUzI1NiIsInR5cCI6IkpXVCJ9.eyJuYW1lIjoiY2F0IiwiaWQiOjEsImlhdCI6MTU0NzcxMTYyMSwiZXhwIjoxNTQ3NzE4ODIxfQ.5cx3flW2I7cuWNfjXAYGJzqZcID36eI5b0FLNvTNWxk\",\n    \"payload\": {\n      \"name\": \"cat\",\n      \"id\": 1,\n      \"iat\": 1547711621,\n      \"exp\": 1547718821\n    }\n  }\n}"
*************** response log end ***************

[2019-01-17T15:53:41.537] [INFO] response - DEBUG=>999999999999
[2019-01-17T15:53:41.545] [INFO] response - 
*************** response log start ***************
request method: GET
request originalUrl:  /api/login
request client ip:  ::1
request query:  {}
response time: 9
response status: 200
response body: 
"{\n  \"code\": 200,\n  \"msg\": \"注册成功HELLO:  (jack)\",\n  \"data\": {\n    \"token\": \"eyJhbGciOiJIUzI1NiIsInR5cCI6IkpXVCJ9.eyJuYW1lIjoiY2F0IiwiaWQiOjEsImlhdCI6MTU0NzcxMTYyMSwiZXhwIjoxNTQ3NzE4ODIxfQ.5cx3flW2I7cuWNfjXAYGJzqZcID36eI5b0FLNvTNWxk\",\n    \"payload\": {\n      \"name\": \"cat\",\n      \"id\": 1,\n      \"iat\": 1547711621,\n      \"exp\": 1547718821\n    }\n  }\n}"
*************** response log end ***************

[2019-01-17T15:53:41.823] [INFO] response - DEBUG=>999999999999
[2019-01-17T15:53:41.828] [INFO] response - 
*************** response log start ***************
request method: GET
request originalUrl:  /api/login
request client ip:  ::1
request query:  {}
response time: 6
response status: 200
response body: 
"{\n  \"code\": 200,\n  \"msg\": \"注册成功HELLO:  (jack)\",\n  \"data\": {\n    \"token\": \"eyJhbGciOiJIUzI1NiIsInR5cCI6IkpXVCJ9.eyJuYW1lIjoiY2F0IiwiaWQiOjEsImlhdCI6MTU0NzcxMTYyMSwiZXhwIjoxNTQ3NzE4ODIxfQ.5cx3flW2I7cuWNfjXAYGJzqZcID36eI5b0FLNvTNWxk\",\n    \"payload\": {\n      \"name\": \"cat\",\n      \"id\": 1,\n      \"iat\": 1547711621,\n      \"exp\": 1547718821\n    }\n  }\n}"
*************** response log end ***************

[2019-01-17T15:53:42.049] [INFO] response - DEBUG=>999999999999
[2019-01-17T15:53:42.057] [INFO] response - 
*************** response log start ***************
request method: GET
request originalUrl:  /api/login
request client ip:  ::1
request query:  {}
response time: 9
response status: 200
response body: 
"{\n  \"code\": 200,\n  \"msg\": \"注册成功HELLO:  (jack)\",\n  \"data\": {\n    \"token\": \"eyJhbGciOiJIUzI1NiIsInR5cCI6IkpXVCJ9.eyJuYW1lIjoiY2F0IiwiaWQiOjEsImlhdCI6MTU0NzcxMTYyMiwiZXhwIjoxNTQ3NzE4ODIyfQ.6JDJHo7a6Yp-KenbUHQ-bmzJpzgrTse1t8VeC4ibw78\",\n    \"payload\": {\n      \"name\": \"cat\",\n      \"id\": 1,\n      \"iat\": 1547711622,\n      \"exp\": 1547718822\n    }\n  }\n}"
*************** response log end ***************

[2019-01-17T15:53:42.242] [INFO] response - DEBUG=>999999999999
[2019-01-17T15:53:42.248] [INFO] response - 
*************** response log start ***************
request method: GET
request originalUrl:  /api/login
request client ip:  ::1
request query:  {}
response time: 8
response status: 200
response body: 
"{\n  \"code\": 200,\n  \"msg\": \"注册成功HELLO:  (jack)\",\n  \"data\": {\n    \"token\": \"eyJhbGciOiJIUzI1NiIsInR5cCI6IkpXVCJ9.eyJuYW1lIjoiY2F0IiwiaWQiOjEsImlhdCI6MTU0NzcxMTYyMiwiZXhwIjoxNTQ3NzE4ODIyfQ.6JDJHo7a6Yp-KenbUHQ-bmzJpzgrTse1t8VeC4ibw78\",\n    \"payload\": {\n      \"name\": \"cat\",\n      \"id\": 1,\n      \"iat\": 1547711622,\n      \"exp\": 1547718822\n    }\n  }\n}"
*************** response log end ***************

[2019-01-17T15:53:42.420] [INFO] response - DEBUG=>999999999999
[2019-01-17T15:53:42.423] [INFO] response - 
*************** response log start ***************
request method: GET
request originalUrl:  /api/login
request client ip:  ::1
request query:  {}
response time: 4
response status: 200
response body: 
"{\n  \"code\": 200,\n  \"msg\": \"注册成功HELLO:  (jack)\",\n  \"data\": {\n    \"token\": \"eyJhbGciOiJIUzI1NiIsInR5cCI6IkpXVCJ9.eyJuYW1lIjoiY2F0IiwiaWQiOjEsImlhdCI6MTU0NzcxMTYyMiwiZXhwIjoxNTQ3NzE4ODIyfQ.6JDJHo7a6Yp-KenbUHQ-bmzJpzgrTse1t8VeC4ibw78\",\n    \"payload\": {\n      \"name\": \"cat\",\n      \"id\": 1,\n      \"iat\": 1547711622,\n      \"exp\": 1547718822\n    }\n  }\n}"
*************** response log end ***************

[2019-01-17T15:53:43.034] [INFO] response - DEBUG=>999999999999
[2019-01-17T15:53:43.040] [INFO] response - 
*************** response log start ***************
request method: GET
request originalUrl:  /api/login
request client ip:  ::1
request query:  {}
response time: 7
response status: 200
response body: 
"{\n  \"code\": 200,\n  \"msg\": \"注册成功HELLO:  (jack)\",\n  \"data\": {\n    \"token\": \"eyJhbGciOiJIUzI1NiIsInR5cCI6IkpXVCJ9.eyJuYW1lIjoiY2F0IiwiaWQiOjEsImlhdCI6MTU0NzcxMTYyMywiZXhwIjoxNTQ3NzE4ODIzfQ.12I8OwOR_suZRNoLlH-RtM7q1oVaJStyrsC2zab8-nA\",\n    \"payload\": {\n      \"name\": \"cat\",\n      \"id\": 1,\n      \"iat\": 1547711623,\n      \"exp\": 1547718823\n    }\n  }\n}"
*************** response log end ***************

[2019-01-17T15:53:43.381] [INFO] response - DEBUG=>999999999999
[2019-01-17T15:53:43.400] [INFO] response - 
*************** response log start ***************
request method: GET
request originalUrl:  /api/login
request client ip:  ::1
request query:  {}
response time: 20
response status: 200
response body: 
"{\n  \"code\": 200,\n  \"msg\": \"注册成功HELLO:  (jack)\",\n  \"data\": {\n    \"token\": \"eyJhbGciOiJIUzI1NiIsInR5cCI6IkpXVCJ9.eyJuYW1lIjoiY2F0IiwiaWQiOjEsImlhdCI6MTU0NzcxMTYyMywiZXhwIjoxNTQ3NzE4ODIzfQ.12I8OwOR_suZRNoLlH-RtM7q1oVaJStyrsC2zab8-nA\",\n    \"payload\": {\n      \"name\": \"cat\",\n      \"id\": 1,\n      \"iat\": 1547711623,\n      \"exp\": 1547718823\n    }\n  }\n}"
*************** response log end ***************

[2019-01-17T15:55:58.557] [INFO] response - DEBUG=>999999999999
[2019-01-17T15:55:58.573] [INFO] response - 
*************** response log start ***************
request method: GET
request originalUrl:  /api/login
request client ip:  ::1
request query:  {}
response time: 21
response status: 200
response body: 
"{\n  \"code\": 200,\n  \"msg\": \"注册成功HELLO:  (jack)\",\n  \"data\": {\n    \"token\": \"eyJhbGciOiJIUzI1NiIsInR5cCI6IkpXVCJ9.eyJuYW1lIjoiY2F0IiwiaWQiOjEsImlhdCI6MTU0NzcxMTc1OCwiZXhwIjoxNTQ3NzE4OTU4fQ.aQwBRtGfaBrYbGah4-RBcAGY0b6dLWfb6r4sGAzCCJ8\",\n    \"payload\": {\n      \"name\": \"cat\",\n      \"id\": 1,\n      \"iat\": 1547711758,\n      \"exp\": 1547718958\n    }\n  }\n}"
*************** response log end ***************

[2019-01-17T15:55:59.274] [INFO] response - DEBUG=>999999999999
[2019-01-17T15:55:59.289] [INFO] response - 
*************** response log start ***************
request method: GET
request originalUrl:  /api/login
request client ip:  ::1
request query:  {}
response time: 17
response status: 200
response body: 
"{\n  \"code\": 200,\n  \"msg\": \"注册成功HELLO:  (jack)\",\n  \"data\": {\n    \"token\": \"eyJhbGciOiJIUzI1NiIsInR5cCI6IkpXVCJ9.eyJuYW1lIjoiY2F0IiwiaWQiOjEsImlhdCI6MTU0NzcxMTc1OSwiZXhwIjoxNTQ3NzE4OTU5fQ.dFTrRafGi9bl40_xlRIKL-06KwNyT7GxdO5BmgxzgrM\",\n    \"payload\": {\n      \"name\": \"cat\",\n      \"id\": 1,\n      \"iat\": 1547711759,\n      \"exp\": 1547718959\n    }\n  }\n}"
*************** response log end ***************

[2019-01-17T15:55:59.611] [INFO] response - DEBUG=>999999999999
[2019-01-17T15:55:59.618] [INFO] response - 
*************** response log start ***************
request method: GET
request originalUrl:  /api/login
request client ip:  ::1
request query:  {}
response time: 9
response status: 200
response body: 
"{\n  \"code\": 200,\n  \"msg\": \"注册成功HELLO:  (jack)\",\n  \"data\": {\n    \"token\": \"eyJhbGciOiJIUzI1NiIsInR5cCI6IkpXVCJ9.eyJuYW1lIjoiY2F0IiwiaWQiOjEsImlhdCI6MTU0NzcxMTc1OSwiZXhwIjoxNTQ3NzE4OTU5fQ.dFTrRafGi9bl40_xlRIKL-06KwNyT7GxdO5BmgxzgrM\",\n    \"payload\": {\n      \"name\": \"cat\",\n      \"id\": 1,\n      \"iat\": 1547711759,\n      \"exp\": 1547718959\n    }\n  }\n}"
*************** response log end ***************

[2019-01-17T15:55:59.842] [INFO] response - DEBUG=>999999999999
[2019-01-17T15:55:59.849] [INFO] response - 
*************** response log start ***************
request method: GET
request originalUrl:  /api/login
request client ip:  ::1
request query:  {}
response time: 9
response status: 200
response body: 
"{\n  \"code\": 200,\n  \"msg\": \"注册成功HELLO:  (jack)\",\n  \"data\": {\n    \"token\": \"eyJhbGciOiJIUzI1NiIsInR5cCI6IkpXVCJ9.eyJuYW1lIjoiY2F0IiwiaWQiOjEsImlhdCI6MTU0NzcxMTc1OSwiZXhwIjoxNTQ3NzE4OTU5fQ.dFTrRafGi9bl40_xlRIKL-06KwNyT7GxdO5BmgxzgrM\",\n    \"payload\": {\n      \"name\": \"cat\",\n      \"id\": 1,\n      \"iat\": 1547711759,\n      \"exp\": 1547718959\n    }\n  }\n}"
*************** response log end ***************

[2019-01-17T15:56:00.091] [INFO] response - DEBUG=>999999999999
[2019-01-17T15:56:00.099] [INFO] response - 
*************** response log start ***************
request method: GET
request originalUrl:  /api/login
request client ip:  ::1
request query:  {}
response time: 9
response status: 200
response body: 
"{\n  \"code\": 200,\n  \"msg\": \"注册成功HELLO:  (jack)\",\n  \"data\": {\n    \"token\": \"eyJhbGciOiJIUzI1NiIsInR5cCI6IkpXVCJ9.eyJuYW1lIjoiY2F0IiwiaWQiOjEsImlhdCI6MTU0NzcxMTc2MCwiZXhwIjoxNTQ3NzE4OTYwfQ.MmENaFx5HdBOvlueb7dC9JYLyYcqWIRN8U-llX5GCnI\",\n    \"payload\": {\n      \"name\": \"cat\",\n      \"id\": 1,\n      \"iat\": 1547711760,\n      \"exp\": 1547718960\n    }\n  }\n}"
*************** response log end ***************

[2019-01-17T16:04:03.963] [INFO] response - DEBUG=>999999999999
[2019-01-17T16:04:03.988] [INFO] response - 
*************** response log start ***************
request method: GET
request originalUrl:  /api/login
request client ip:  ::1
request query:  {}
response time: 42
response status: 200
response body: 
"{\n  \"code\": 200,\n  \"msg\": \"注册成功HELLO:  (jack)\",\n  \"data\": {\n    \"token\": \"eyJhbGciOiJIUzI1NiIsInR5cCI6IkpXVCJ9.eyJuYW1lIjoiY2F0IiwiaWQiOjEsImlhdCI6MTU0NzcxMjI0MywiZXhwIjoxNTQ3NzE5NDQzfQ.ZbM9Er6UNQj7sVmCWojqOsC610ux51lkjTnilk3mN1o\",\n    \"payload\": {\n      \"name\": \"cat\",\n      \"id\": 1,\n      \"iat\": 1547712243,\n      \"exp\": 1547719443\n    }\n  }\n}"
*************** response log end ***************

[2019-01-17T16:04:04.659] [INFO] response - DEBUG=>999999999999
[2019-01-17T16:04:04.670] [INFO] response - 
*************** response log start ***************
request method: GET
request originalUrl:  /api/login
request client ip:  ::1
request query:  {}
response time: 13
response status: 200
response body: 
"{\n  \"code\": 200,\n  \"msg\": \"注册成功HELLO:  (jack)\",\n  \"data\": {\n    \"token\": \"eyJhbGciOiJIUzI1NiIsInR5cCI6IkpXVCJ9.eyJuYW1lIjoiY2F0IiwiaWQiOjEsImlhdCI6MTU0NzcxMjI0NCwiZXhwIjoxNTQ3NzE5NDQ0fQ.JQEtqumzxZXrJJB7EaEOjgwCk53NrAJuqEfhTAEr5ns\",\n    \"payload\": {\n      \"name\": \"cat\",\n      \"id\": 1,\n      \"iat\": 1547712244,\n      \"exp\": 1547719444\n    }\n  }\n}"
*************** response log end ***************

[2019-01-17T16:29:01.477] [INFO] response - DEBUG=>999999999999
[2019-01-17T16:29:01.495] [INFO] response - 
*************** response log start ***************
request method: GET
request originalUrl:  /api/login
request client ip:  ::1
request query:  {}
response time: 28
response status: 200
response body: 
"{\n  \"code\": 200,\n  \"msg\": \"注册成功HELLO:  (jack)\",\n  \"data\": {\n    \"token\": \"eyJhbGciOiJIUzI1NiIsInR5cCI6IkpXVCJ9.eyJuYW1lIjoiY2F0IiwiaWQiOjEsImlhdCI6MTU0NzcxMzc0MSwiZXhwIjoxNTQ3NzIwOTQxfQ.PiTckwcj6Fjgn4Wx3LoB7_fqI4QEMf6F2MZtfRA4vSI\",\n    \"payload\": {\n      \"name\": \"cat\",\n      \"id\": 1,\n      \"iat\": 1547713741,\n      \"exp\": 1547720941\n    }\n  }\n}"
*************** response log end ***************

[2019-01-17T16:29:07.818] [INFO] response - 
*************** response log start ***************
request method: GET
request originalUrl:  /vhome_01.jpg
request client ip:  ::1
request query:  {}
response time: 3
response status: 200
response body: 
{"_readableState":{"objectMode":false,"highWaterMark":65536,"buffer":{"head":null,"tail":null,"length":0},"length":0,"pipes":null,"pipesCount":0,"flowing":null,"ended":false,"endEmitted":false,"reading":false,"sync":true,"needReadable":false,"emittedReadable":false,"readableListening":false,"resumeScheduled":false,"emitClose":false,"destroyed":false,"defaultEncoding":"utf8","awaitDrain":0,"readingMore":false,"decoder":null,"encoding":null},"readable":true,"_events":{},"_eventsCount":2,"path":"D:\\workspace\\koa_project\\static\\vhome_01.jpg","fd":null,"flags":"r","mode":438,"end":null,"autoClose":true,"bytesRead":0,"closed":false}
*************** response log end ***************

[2019-01-17T16:29:10.340] [INFO] response - 
*************** response log start ***************
request method: GET
request originalUrl:  /vhome_01.jpg
request client ip:  ::1
request query:  {}
response time: 2
response status: 200
response body: 
{"_readableState":{"objectMode":false,"highWaterMark":65536,"buffer":{"head":null,"tail":null,"length":0},"length":0,"pipes":null,"pipesCount":0,"flowing":null,"ended":false,"endEmitted":false,"reading":false,"sync":true,"needReadable":false,"emittedReadable":false,"readableListening":false,"resumeScheduled":false,"emitClose":false,"destroyed":false,"defaultEncoding":"utf8","awaitDrain":0,"readingMore":false,"decoder":null,"encoding":null},"readable":true,"_events":{},"_eventsCount":2,"path":"D:\\workspace\\koa_project\\static\\vhome_01.jpg","fd":null,"flags":"r","mode":438,"end":null,"autoClose":true,"bytesRead":0,"closed":false}
*************** response log end ***************

[2019-01-17T16:29:10.762] [INFO] response - 
*************** response log start ***************
request method: GET
request originalUrl:  /vhome_01.jpg
request client ip:  ::1
request query:  {}
response time: 1
response status: 200
response body: 
{"_readableState":{"objectMode":false,"highWaterMark":65536,"buffer":{"head":null,"tail":null,"length":0},"length":0,"pipes":null,"pipesCount":0,"flowing":null,"ended":false,"endEmitted":false,"reading":false,"sync":true,"needReadable":false,"emittedReadable":false,"readableListening":false,"resumeScheduled":false,"emitClose":false,"destroyed":false,"defaultEncoding":"utf8","awaitDrain":0,"readingMore":false,"decoder":null,"encoding":null},"readable":true,"_events":{},"_eventsCount":2,"path":"D:\\workspace\\koa_project\\static\\vhome_01.jpg","fd":null,"flags":"r","mode":438,"end":null,"autoClose":true,"bytesRead":0,"closed":false}
*************** response log end ***************

[2019-01-17T16:29:10.979] [INFO] response - 
*************** response log start ***************
request method: GET
request originalUrl:  /vhome_01.jpg
request client ip:  ::1
request query:  {}
response time: 1
response status: 200
response body: 
{"_readableState":{"objectMode":false,"highWaterMark":65536,"buffer":{"head":null,"tail":null,"length":0},"length":0,"pipes":null,"pipesCount":0,"flowing":null,"ended":false,"endEmitted":false,"reading":false,"sync":true,"needReadable":false,"emittedReadable":false,"readableListening":false,"resumeScheduled":false,"emitClose":false,"destroyed":false,"defaultEncoding":"utf8","awaitDrain":0,"readingMore":false,"decoder":null,"encoding":null},"readable":true,"_events":{},"_eventsCount":2,"path":"D:\\workspace\\koa_project\\static\\vhome_01.jpg","fd":null,"flags":"r","mode":438,"end":null,"autoClose":true,"bytesRead":0,"closed":false}
*************** response log end ***************

[2019-01-17T16:29:11.151] [INFO] response - 
*************** response log start ***************
request method: GET
request originalUrl:  /vhome_01.jpg
request client ip:  ::1
request query:  {}
response time: 2
response status: 200
response body: 
{"_readableState":{"objectMode":false,"highWaterMark":65536,"buffer":{"head":null,"tail":null,"length":0},"length":0,"pipes":null,"pipesCount":0,"flowing":null,"ended":false,"endEmitted":false,"reading":false,"sync":true,"needReadable":false,"emittedReadable":false,"readableListening":false,"resumeScheduled":false,"emitClose":false,"destroyed":false,"defaultEncoding":"utf8","awaitDrain":0,"readingMore":false,"decoder":null,"encoding":null},"readable":true,"_events":{},"_eventsCount":2,"path":"D:\\workspace\\koa_project\\static\\vhome_01.jpg","fd":null,"flags":"r","mode":438,"end":null,"autoClose":true,"bytesRead":0,"closed":false}
*************** response log end ***************

[2019-01-17T16:29:11.338] [INFO] response - 
*************** response log start ***************
request method: GET
request originalUrl:  /vhome_01.jpg
request client ip:  ::1
request query:  {}
response time: 2
response status: 200
response body: 
{"_readableState":{"objectMode":false,"highWaterMark":65536,"buffer":{"head":null,"tail":null,"length":0},"length":0,"pipes":null,"pipesCount":0,"flowing":null,"ended":false,"endEmitted":false,"reading":false,"sync":true,"needReadable":false,"emittedReadable":false,"readableListening":false,"resumeScheduled":false,"emitClose":false,"destroyed":false,"defaultEncoding":"utf8","awaitDrain":0,"readingMore":false,"decoder":null,"encoding":null},"readable":true,"_events":{},"_eventsCount":2,"path":"D:\\workspace\\koa_project\\static\\vhome_01.jpg","fd":null,"flags":"r","mode":438,"end":null,"autoClose":true,"bytesRead":0,"closed":false}
*************** response log end ***************

[2019-01-17T16:29:11.539] [INFO] response - 
*************** response log start ***************
request method: GET
request originalUrl:  /vhome_01.jpg
request client ip:  ::1
request query:  {}
response time: 2
response status: 200
response body: 
{"_readableState":{"objectMode":false,"highWaterMark":65536,"buffer":{"head":null,"tail":null,"length":0},"length":0,"pipes":null,"pipesCount":0,"flowing":null,"ended":false,"endEmitted":false,"reading":false,"sync":true,"needReadable":false,"emittedReadable":false,"readableListening":false,"resumeScheduled":false,"emitClose":false,"destroyed":false,"defaultEncoding":"utf8","awaitDrain":0,"readingMore":false,"decoder":null,"encoding":null},"readable":true,"_events":{},"_eventsCount":2,"path":"D:\\workspace\\koa_project\\static\\vhome_01.jpg","fd":null,"flags":"r","mode":438,"end":null,"autoClose":true,"bytesRead":0,"closed":false}
*************** response log end ***************

[2019-01-17T16:29:11.970] [INFO] response - 
*************** response log start ***************
request method: GET
request originalUrl:  /vhome_01.jpg
request client ip:  ::1
request query:  {}
response time: 1
response status: 200
response body: 
{"_readableState":{"objectMode":false,"highWaterMark":65536,"buffer":{"head":null,"tail":null,"length":0},"length":0,"pipes":null,"pipesCount":0,"flowing":null,"ended":false,"endEmitted":false,"reading":false,"sync":true,"needReadable":false,"emittedReadable":false,"readableListening":false,"resumeScheduled":false,"emitClose":false,"destroyed":false,"defaultEncoding":"utf8","awaitDrain":0,"readingMore":false,"decoder":null,"encoding":null},"readable":true,"_events":{},"_eventsCount":2,"path":"D:\\workspace\\koa_project\\static\\vhome_01.jpg","fd":null,"flags":"r","mode":438,"end":null,"autoClose":true,"bytesRead":0,"closed":false}
*************** response log end ***************

[2019-01-17T16:29:32.063] [INFO] response - DEBUG=>999999999999
[2019-01-17T16:29:32.075] [INFO] response - 
*************** response log start ***************
request method: GET
request originalUrl:  /api/login
request client ip:  ::1
request query:  {}
response time: 15
response status: 200
response body: 
"{\n  \"code\": 200,\n  \"msg\": \"注册成功HELLO:  (jack)\",\n  \"data\": {\n    \"token\": \"eyJhbGciOiJIUzI1NiIsInR5cCI6IkpXVCJ9.eyJuYW1lIjoiY2F0IiwiaWQiOjEsImlhdCI6MTU0NzcxMzc3MiwiZXhwIjoxNTQ3NzIwOTcyfQ.1wRIr4BzocDwUrKOV0PjYhiMP0UQA18Wid0tqsFFaMI\",\n    \"payload\": {\n      \"name\": \"cat\",\n      \"id\": 1,\n      \"iat\": 1547713772,\n      \"exp\": 1547720972\n    }\n  }\n}"
*************** response log end ***************

[2019-01-17T16:29:35.983] [INFO] response - 
*************** response log start ***************
request method: GET
request originalUrl:  /api/loginsssss
request client ip:  ::1
request query:  {}
response time: 1
response status: 404
response body: 
undefined
*************** response log end ***************

[2019-01-17T16:29:38.659] [INFO] response - 
*************** response log start ***************
request method: GET
request originalUrl:  /api/loginsssss
request client ip:  ::1
request query:  {}
response time: 0
response status: 404
response body: 
undefined
*************** response log end ***************

[2019-01-17T16:29:39.281] [INFO] response - 
*************** response log start ***************
request method: GET
request originalUrl:  /api/loginsssss
request client ip:  ::1
request query:  {}
response time: 1
response status: 404
response body: 
undefined
*************** response log end ***************

[2019-01-17T16:29:39.585] [INFO] response - 
*************** response log start ***************
request method: GET
request originalUrl:  /api/loginsssss
request client ip:  ::1
request query:  {}
response time: 1
response status: 404
response body: 
undefined
*************** response log end ***************

[2019-01-17T16:29:39.903] [INFO] response - 
*************** response log start ***************
request method: GET
request originalUrl:  /api/loginsssss
request client ip:  ::1
request query:  {}
response time: 1
response status: 404
response body: 
undefined
*************** response log end ***************

[2019-01-17T16:30:05.914] [INFO] response - 
*************** response log start ***************
request method: GET
request originalUrl:  /api/loginsssss
request client ip:  ::1
request query:  {}
response time: 2
response status: 404
response body: 
undefined
*************** response log end ***************

[2019-01-17T16:30:07.147] [INFO] response - DEBUG=>999999999999
[2019-01-17T16:30:07.166] [INFO] response - 
*************** response log start ***************
request method: GET
request originalUrl:  /api/login
request client ip:  ::1
request query:  {}
response time: 21
response status: 200
response body: 
"{\n  \"code\": 200,\n  \"msg\": \"注册成功HELLO:  (jack)\",\n  \"data\": {\n    \"token\": \"eyJhbGciOiJIUzI1NiIsInR5cCI6IkpXVCJ9.eyJuYW1lIjoiY2F0IiwiaWQiOjEsImlhdCI6MTU0NzcxMzgwNywiZXhwIjoxNTQ3NzIxMDA3fQ.49Q-rwFxMktUgFD9iOoJm7j8gPg8H8jFNYE3O8oFrcs\",\n    \"payload\": {\n      \"name\": \"cat\",\n      \"id\": 1,\n      \"iat\": 1547713807,\n      \"exp\": 1547721007\n    }\n  }\n}"
*************** response log end ***************

[2019-01-17T16:30:08.459] [INFO] response - 
*************** response log start ***************
request method: GET
request originalUrl:  /vhome_01.jpg
request client ip:  ::1
request query:  {}
response time: 2
response status: 200
response body: 
{"_readableState":{"objectMode":false,"highWaterMark":65536,"buffer":{"head":null,"tail":null,"length":0},"length":0,"pipes":null,"pipesCount":0,"flowing":null,"ended":false,"endEmitted":false,"reading":false,"sync":true,"needReadable":false,"emittedReadable":false,"readableListening":false,"resumeScheduled":false,"emitClose":false,"destroyed":false,"defaultEncoding":"utf8","awaitDrain":0,"readingMore":false,"decoder":null,"encoding":null},"readable":true,"_events":{},"_eventsCount":2,"path":"D:\\workspace\\koa_project\\static\\vhome_01.jpg","fd":null,"flags":"r","mode":438,"end":null,"autoClose":true,"bytesRead":0,"closed":false}
*************** response log end ***************

[2019-01-17T16:30:09.742] [INFO] response - DEBUG=>999999999999
[2019-01-17T16:30:09.750] [INFO] response - 
*************** response log start ***************
request method: GET
request originalUrl:  /api/login
request client ip:  ::1
request query:  {}
response time: 10
response status: 200
response body: 
"{\n  \"code\": 200,\n  \"msg\": \"注册成功HELLO:  (jack)\",\n  \"data\": {\n    \"token\": \"eyJhbGciOiJIUzI1NiIsInR5cCI6IkpXVCJ9.eyJuYW1lIjoiY2F0IiwiaWQiOjEsImlhdCI6MTU0NzcxMzgwOSwiZXhwIjoxNTQ3NzIxMDA5fQ.v9O0GL_k3YGl97Pz2RI1LOaqi6VUH9IyUFZepyYNWB0\",\n    \"payload\": {\n      \"name\": \"cat\",\n      \"id\": 1,\n      \"iat\": 1547713809,\n      \"exp\": 1547721009\n    }\n  }\n}"
*************** response log end ***************

