[2019-01-18T14:36:25.234] [INFO] response - DEBUG=>999999999999
[2019-01-18T14:36:25.580] [INFO] response - 
*************** response log start ***************
request method: GET
request originalUrl:  /api/login
request client ip:  ::1
request query:  {}
response time: 354
response status: 200
response body: 
"{\n  \"code\": 200,\n  \"msg\": \"注册成功HELLO:  (jack)\",\n  \"data\": {\n    \"token\": \"eyJhbGciOiJIUzI1NiIsInR5cCI6IkpXVCJ9.eyJuYW1lIjoiY2F0IiwiaWQiOjEsImlhdCI6MTU0Nzc5MzM4NSwiZXhwIjoxNTQ3ODAwNTg1fQ.t896HI0S4j9OG8Fm_c2oqPR3TY3yPPqO2RP_WqdtB0U\",\n    \"payload\": {\n      \"name\": \"cat\",\n      \"id\": 1,\n      \"iat\": 1547793385,\n      \"exp\": 1547800585\n    }\n  }\n}"
*************** response log end ***************

[2019-01-18T14:36:26.827] [INFO] response - DEBUG=>999999999999
[2019-01-18T14:36:26.837] [INFO] response - 
*************** response log start ***************
request method: GET
request originalUrl:  /api/login
request client ip:  ::1
request query:  {}
response time: 12
response status: 200
response body: 
"{\n  \"code\": 200,\n  \"msg\": \"注册成功HELLO:  (jack)\",\n  \"data\": {\n    \"token\": \"eyJhbGciOiJIUzI1NiIsInR5cCI6IkpXVCJ9.eyJuYW1lIjoiY2F0IiwiaWQiOjEsImlhdCI6MTU0Nzc5MzM4NiwiZXhwIjoxNTQ3ODAwNTg2fQ.JH6hc9bktg2OXxhUDgW5GnAWFxrChgl-tA9edZ2819E\",\n    \"payload\": {\n      \"name\": \"cat\",\n      \"id\": 1,\n      \"iat\": 1547793386,\n      \"exp\": 1547800586\n    }\n  }\n}"
*************** response log end ***************

[2019-01-18T14:36:27.697] [INFO] response - DEBUG=>999999999999
[2019-01-18T14:36:27.705] [INFO] response - 
*************** response log start ***************
request method: GET
request originalUrl:  /api/login
request client ip:  ::1
request query:  {}
response time: 9
response status: 200
response body: 
"{\n  \"code\": 200,\n  \"msg\": \"注册成功HELLO:  (jack)\",\n  \"data\": {\n    \"token\": \"eyJhbGciOiJIUzI1NiIsInR5cCI6IkpXVCJ9.eyJuYW1lIjoiY2F0IiwiaWQiOjEsImlhdCI6MTU0Nzc5MzM4NywiZXhwIjoxNTQ3ODAwNTg3fQ.nZzScaUz1kY4UaEaQbH4ACru_D7euNtoyg68Raka2Cg\",\n    \"payload\": {\n      \"name\": \"cat\",\n      \"id\": 1,\n      \"iat\": 1547793387,\n      \"exp\": 1547800587\n    }\n  }\n}"
*************** response log end ***************

[2019-01-18T14:36:59.202] [INFO] response - DEBUG=>999999999999
[2019-01-18T14:36:59.215] [INFO] response - 
*************** response log start ***************
request method: GET
request originalUrl:  /api/login
request client ip:  ::1
request query:  {}
response time: 15
response status: 200
response body: 
"{\n  \"code\": 200,\n  \"msg\": \"注册成功HELLO:  (jack)\",\n  \"data\": {\n    \"token\": \"eyJhbGciOiJIUzI1NiIsInR5cCI6IkpXVCJ9.eyJuYW1lIjoiY2F0IiwiaWQiOjEsImlhdCI6MTU0Nzc5MzQxOSwiZXhwIjoxNTQ3ODAwNjE5fQ.gjNfomzdOLbGQvRn_BSEAXpnLegHzYRBL86990BVdp8\",\n    \"payload\": {\n      \"name\": \"cat\",\n      \"id\": 1,\n      \"iat\": 1547793419,\n      \"exp\": 1547800619\n    }\n  }\n}"
*************** response log end ***************

[2019-01-18T14:37:58.982] [INFO] response - DEBUG=>999999999999
[2019-01-18T14:37:59.018] [INFO] response - 
*************** response log start ***************
request method: GET
request originalUrl:  /api/login
request client ip:  ::1
request query:  {}
response time: 58
response status: 200
response body: 
"{\n  \"code\": 200,\n  \"msg\": \"注册成功HELLO:  (jack)\",\n  \"data\": {\n    \"token\": \"eyJhbGciOiJIUzI1NiIsInR5cCI6IkpXVCJ9.eyJuYW1lIjoiY2F0IiwiaWQiOjEsImlhdCI6MTU0Nzc5MzQ3OSwiZXhwIjoxNTQ3ODAwNjc5fQ.JegWBCs1BVtp9M7bzJbtFVYSnFnVjn1yutYwHdXig4s\",\n    \"payload\": {\n      \"name\": \"cat\",\n      \"id\": 1,\n      \"iat\": 1547793479,\n      \"exp\": 1547800679\n    }\n  }\n}"
*************** response log end ***************

[2019-01-18T14:37:59.516] [INFO] response - DEBUG=>999999999999
[2019-01-18T14:37:59.526] [INFO] response - 
*************** response log start ***************
request method: GET
request originalUrl:  /api/login
request client ip:  ::1
request query:  {}
response time: 13
response status: 200
response body: 
"{\n  \"code\": 200,\n  \"msg\": \"注册成功HELLO:  (jack)\",\n  \"data\": {\n    \"token\": \"eyJhbGciOiJIUzI1NiIsInR5cCI6IkpXVCJ9.eyJuYW1lIjoiY2F0IiwiaWQiOjEsImlhdCI6MTU0Nzc5MzQ3OSwiZXhwIjoxNTQ3ODAwNjc5fQ.JegWBCs1BVtp9M7bzJbtFVYSnFnVjn1yutYwHdXig4s\",\n    \"payload\": {\n      \"name\": \"cat\",\n      \"id\": 1,\n      \"iat\": 1547793479,\n      \"exp\": 1547800679\n    }\n  }\n}"
*************** response log end ***************

[2019-01-18T14:37:59.922] [INFO] response - DEBUG=>999999999999
[2019-01-18T14:37:59.932] [INFO] response - 
*************** response log start ***************
request method: GET
request originalUrl:  /api/login
request client ip:  ::1
request query:  {}
response time: 11
response status: 200
response body: 
"{\n  \"code\": 200,\n  \"msg\": \"注册成功HELLO:  (jack)\",\n  \"data\": {\n    \"token\": \"eyJhbGciOiJIUzI1NiIsInR5cCI6IkpXVCJ9.eyJuYW1lIjoiY2F0IiwiaWQiOjEsImlhdCI6MTU0Nzc5MzQ3OSwiZXhwIjoxNTQ3ODAwNjc5fQ.JegWBCs1BVtp9M7bzJbtFVYSnFnVjn1yutYwHdXig4s\",\n    \"payload\": {\n      \"name\": \"cat\",\n      \"id\": 1,\n      \"iat\": 1547793479,\n      \"exp\": 1547800679\n    }\n  }\n}"
*************** response log end ***************

[2019-01-18T14:38:27.290] [INFO] response - DEBUG=>999999999999
[2019-01-18T14:38:27.303] [INFO] response - 
*************** response log start ***************
request method: GET
request originalUrl:  /api/login
request client ip:  ::1
request query:  {}
response time: 15
response status: 200
response body: 
"{\n  \"code\": 200,\n  \"msg\": \"注册成功HELLO:  (jack)\",\n  \"data\": {\n    \"token\": \"eyJhbGciOiJIUzI1NiIsInR5cCI6IkpXVCJ9.eyJuYW1lIjoiY2F0IiwiaWQiOjEsImlhdCI6MTU0Nzc5MzUwNywiZXhwIjoxNTQ3ODAwNzA3fQ.4BtIivQ7y4KwNJbqC7G2OfVSMp-4ODYjQlt_3mLAXd0\",\n    \"payload\": {\n      \"name\": \"cat\",\n      \"id\": 1,\n      \"iat\": 1547793507,\n      \"exp\": 1547800707\n    }\n  }\n}"
*************** response log end ***************

[2019-01-18T15:09:28.319] [INFO] response - DEBUG=>999999999999
[2019-01-18T15:09:28.351] [INFO] response - 
*************** response log start ***************
request method: GET
request originalUrl:  /api/login
request client ip:  ::1
request query:  {}
response time: 35
response status: 200
response body: 
"{\n  \"code\": 200,\n  \"msg\": \"注册成功HELLO:  (jack)\",\n  \"data\": {\n    \"token\": \"eyJhbGciOiJIUzI1NiIsInR5cCI6IkpXVCJ9.eyJuYW1lIjoiY2F0IiwiaWQiOjEsImlhdCI6MTU0Nzc5NTM2OCwiZXhwIjoxNTQ3ODAyNTY4fQ.EDLMjzeVvwwKbsCHgZwK2EsgwHs7SeZHEEe9sT6UVDo\",\n    \"payload\": {\n      \"name\": \"cat\",\n      \"id\": 1,\n      \"iat\": 1547795368,\n      \"exp\": 1547802568\n    }\n  }\n}"
*************** response log end ***************

[2019-01-18T15:09:33.121] [INFO] response - DEBUG=>999999999999
[2019-01-18T15:09:33.135] [INFO] response - 
*************** response log start ***************
request method: GET
request originalUrl:  /api/login
request client ip:  ::1
request query:  {}
response time: 16
response status: 200
response body: 
"{\n  \"code\": 200,\n  \"msg\": \"注册成功HELLO:  (jack)\",\n  \"data\": {\n    \"token\": \"eyJhbGciOiJIUzI1NiIsInR5cCI6IkpXVCJ9.eyJuYW1lIjoiY2F0IiwiaWQiOjEsImlhdCI6MTU0Nzc5NTM3MywiZXhwIjoxNTQ3ODAyNTczfQ.YSY-HQSG28SBfecR6Fq3-pwtkb0FbcQksEA7EANe72Q\",\n    \"payload\": {\n      \"name\": \"cat\",\n      \"id\": 1,\n      \"iat\": 1547795373,\n      \"exp\": 1547802573\n    }\n  }\n}"
*************** response log end ***************

[2019-01-18T15:09:36.543] [INFO] response - DEBUG=>999999999999
[2019-01-18T15:09:36.550] [INFO] response - 
*************** response log start ***************
request method: GET
request originalUrl:  /api/login
request client ip:  ::1
request query:  {}
response time: 8
response status: 200
response body: 
"{\n  \"code\": 200,\n  \"msg\": \"注册成功HELLO:  (jack)\",\n  \"data\": {\n    \"token\": \"eyJhbGciOiJIUzI1NiIsInR5cCI6IkpXVCJ9.eyJuYW1lIjoiY2F0IiwiaWQiOjEsImlhdCI6MTU0Nzc5NTM3NiwiZXhwIjoxNTQ3ODAyNTc2fQ.yS91dobBDAVKuvMrSxkHrY7WfyZH9KxiO7N0YLDsVhc\",\n    \"payload\": {\n      \"name\": \"cat\",\n      \"id\": 1,\n      \"iat\": 1547795376,\n      \"exp\": 1547802576\n    }\n  }\n}"
*************** response log end ***************

