[2019-02-14T15:42:24.592] [ERROR] error - 
*************** error log start ***************
request method: GET
request originalUrl:  /api/login
request client ip:  ::1
request query:  {}
response time: 36
err name: SequelizeDatabaseError
err message: No database selected
err stack: SequelizeDatabaseError: No database selected
    at Query.formatError (D:\workspace\koa_project\node_modules\sequelize\lib\dialects\mysql\query.js:247:16)
    at Query.handler [as onResult] (D:\workspace\koa_project\node_modules\sequelize\lib\dialects\mysql\query.js:68:23)
    at Query.execute (D:\workspace\koa_project\node_modules\mysql2\lib\commands\command.js:30:14)
    at Connection.handlePacket (D:\workspace\koa_project\node_modules\mysql2\lib\connection.js:455:32)
    at PacketParser.onPacket (D:\workspace\koa_project\node_modules\mysql2\lib\connection.js:73:18)
    at PacketParser.executeStart (D:\workspace\koa_project\node_modules\mysql2\lib\packet_parser.js:75:16)
    at Socket.<anonymous> (D:\workspace\koa_project\node_modules\mysql2\lib\connection.js:80:31)
    at Socket.emit (events.js:182:13)
    at addChunk (_stream_readable.js:283:12)
    at readableAddChunk (_stream_readable.js:264:11)
    at Socket.Readable.push (_stream_readable.js:219:10)
    at TCP.onStreamRead [as onread] (internal/stream_base_commons.js:94:17)
*************** error log end ***************

[2019-02-14T15:42:24.619] [ERROR] error - 
*************** error log start ***************
request method: GET
request originalUrl:  /favicon.ico
request client ip:  ::1
request query:  {}
response time: 2
err name: UnauthorizedError
err message: Authentication Error
err stack: UnauthorizedError: Authentication Error
    at Object.throw (D:\workspace\koa_project\node_modules\koa\lib\context.js:97:11)
    at jwt (D:\workspace\koa_project\node_modules\koa-jwt\lib\index.js:23:22)
    at D:\workspace\koa_project\node_modules\koa-unless\index.js:29:12
    at dispatch (D:\workspace\koa_project\node_modules\koa-compose\index.js:42:32)
    at serve (D:\workspace\koa_project\node_modules\koa-static\index.js:53:15)
*************** error log end ***************

[2019-02-14T15:42:26.504] [ERROR] error - 
*************** error log start ***************
request method: GET
request originalUrl:  /api/login
request client ip:  ::1
request query:  {}
response time: 9
err name: SequelizeDatabaseError
err message: No database selected
err stack: SequelizeDatabaseError: No database selected
    at Query.formatError (D:\workspace\koa_project\node_modules\sequelize\lib\dialects\mysql\query.js:247:16)
    at Query.handler [as onResult] (D:\workspace\koa_project\node_modules\sequelize\lib\dialects\mysql\query.js:68:23)
    at Query.execute (D:\workspace\koa_project\node_modules\mysql2\lib\commands\command.js:30:14)
    at Connection.handlePacket (D:\workspace\koa_project\node_modules\mysql2\lib\connection.js:455:32)
    at PacketParser.onPacket (D:\workspace\koa_project\node_modules\mysql2\lib\connection.js:73:18)
    at PacketParser.executeStart (D:\workspace\koa_project\node_modules\mysql2\lib\packet_parser.js:75:16)
    at Socket.<anonymous> (D:\workspace\koa_project\node_modules\mysql2\lib\connection.js:80:31)
    at Socket.emit (events.js:182:13)
    at addChunk (_stream_readable.js:283:12)
    at readableAddChunk (_stream_readable.js:264:11)
    at Socket.Readable.push (_stream_readable.js:219:10)
    at TCP.onStreamRead [as onread] (internal/stream_base_commons.js:94:17)
*************** error log end ***************

[2019-02-14T15:42:27.183] [ERROR] error - 
*************** error log start ***************
request method: GET
request originalUrl:  /api/login
request client ip:  ::1
request query:  {}
response time: 8
err name: SequelizeDatabaseError
err message: No database selected
err stack: SequelizeDatabaseError: No database selected
    at Query.formatError (D:\workspace\koa_project\node_modules\sequelize\lib\dialects\mysql\query.js:247:16)
    at Query.handler [as onResult] (D:\workspace\koa_project\node_modules\sequelize\lib\dialects\mysql\query.js:68:23)
    at Query.execute (D:\workspace\koa_project\node_modules\mysql2\lib\commands\command.js:30:14)
    at Connection.handlePacket (D:\workspace\koa_project\node_modules\mysql2\lib\connection.js:455:32)
    at PacketParser.onPacket (D:\workspace\koa_project\node_modules\mysql2\lib\connection.js:73:18)
    at PacketParser.executeStart (D:\workspace\koa_project\node_modules\mysql2\lib\packet_parser.js:75:16)
    at Socket.<anonymous> (D:\workspace\koa_project\node_modules\mysql2\lib\connection.js:80:31)
    at Socket.emit (events.js:182:13)
    at addChunk (_stream_readable.js:283:12)
    at readableAddChunk (_stream_readable.js:264:11)
    at Socket.Readable.push (_stream_readable.js:219:10)
    at TCP.onStreamRead [as onread] (internal/stream_base_commons.js:94:17)
*************** error log end ***************

[2019-02-14T15:42:27.633] [ERROR] error - 
*************** error log start ***************
request method: GET
request originalUrl:  /api/login
request client ip:  ::1
request query:  {}
response time: 8
err name: SequelizeDatabaseError
err message: No database selected
err stack: SequelizeDatabaseError: No database selected
    at Query.formatError (D:\workspace\koa_project\node_modules\sequelize\lib\dialects\mysql\query.js:247:16)
    at Query.handler [as onResult] (D:\workspace\koa_project\node_modules\sequelize\lib\dialects\mysql\query.js:68:23)
    at Query.execute (D:\workspace\koa_project\node_modules\mysql2\lib\commands\command.js:30:14)
    at Connection.handlePacket (D:\workspace\koa_project\node_modules\mysql2\lib\connection.js:455:32)
    at PacketParser.onPacket (D:\workspace\koa_project\node_modules\mysql2\lib\connection.js:73:18)
    at PacketParser.executeStart (D:\workspace\koa_project\node_modules\mysql2\lib\packet_parser.js:75:16)
    at Socket.<anonymous> (D:\workspace\koa_project\node_modules\mysql2\lib\connection.js:80:31)
    at Socket.emit (events.js:182:13)
    at addChunk (_stream_readable.js:283:12)
    at readableAddChunk (_stream_readable.js:264:11)
    at Socket.Readable.push (_stream_readable.js:219:10)
    at TCP.onStreamRead [as onread] (internal/stream_base_commons.js:94:17)
*************** error log end ***************

[2019-02-14T15:42:27.966] [ERROR] error - 
*************** error log start ***************
request method: GET
request originalUrl:  /api/login
request client ip:  ::1
request query:  {}
response time: 8
err name: SequelizeDatabaseError
err message: No database selected
err stack: SequelizeDatabaseError: No database selected
    at Query.formatError (D:\workspace\koa_project\node_modules\sequelize\lib\dialects\mysql\query.js:247:16)
    at Query.handler [as onResult] (D:\workspace\koa_project\node_modules\sequelize\lib\dialects\mysql\query.js:68:23)
    at Query.execute (D:\workspace\koa_project\node_modules\mysql2\lib\commands\command.js:30:14)
    at Connection.handlePacket (D:\workspace\koa_project\node_modules\mysql2\lib\connection.js:455:32)
    at PacketParser.onPacket (D:\workspace\koa_project\node_modules\mysql2\lib\connection.js:73:18)
    at PacketParser.executeStart (D:\workspace\koa_project\node_modules\mysql2\lib\packet_parser.js:75:16)
    at Socket.<anonymous> (D:\workspace\koa_project\node_modules\mysql2\lib\connection.js:80:31)
    at Socket.emit (events.js:182:13)
    at addChunk (_stream_readable.js:283:12)
    at readableAddChunk (_stream_readable.js:264:11)
    at Socket.Readable.push (_stream_readable.js:219:10)
    at TCP.onStreamRead [as onread] (internal/stream_base_commons.js:94:17)
*************** error log end ***************

