[2019-02-23T09:13:34.340] [ERROR] error - 
*************** error log start ***************
request method: GET
request originalUrl:  /api/upload
request client ip:  ::1
request query:  {}
response time: 29
err name: TypeError
err message: Cannot read property 'file' of undefined
err stack: TypeError: Cannot read property 'file' of undefined
    at _callee2$ (D:/workspace/koa_project/controllers/ImageController.js:26:40)
    at tryCatch (D:\workspace\koa_project\node_modules\regenerator-runtime\runtime.js:62:40)
    at Generator.invoke [as _invoke] (D:\workspace\koa_project\node_modules\regenerator-runtime\runtime.js:296:22)
    at Generator.prototype.(anonymous function) [as next] (D:\workspace\koa_project\node_modules\regenerator-runtime\runtime.js:114:21)
    at step (D:\workspace\koa_project\controllers\ImageController.js:27:191)
    at D:\workspace\koa_project\controllers\ImageController.js:27:437
    at new Promise (<anonymous>)
    at D:\workspace\koa_project\controllers\ImageController.js:27:99
    at upload (D:\workspace\koa_project\controllers\ImageController.js:120:30)
    at dispatch (D:\workspace\koa_project\node_modules\koa-router\node_modules\koa-compose\index.js:44:32)
    at next (D:\workspace\koa_project\node_modules\koa-router\node_modules\koa-compose\index.js:45:18)
    at D:\workspace\koa_project\node_modules\koa-router\lib\router.js:346:16
    at dispatch (D:\workspace\koa_project\node_modules\koa-router\node_modules\koa-compose\index.js:44:32)
    at D:\workspace\koa_project\node_modules\koa-router\node_modules\koa-compose\index.js:36:12
    at dispatch (D:\workspace\koa_project\node_modules\koa-router\lib\router.js:351:31)
    at dispatch (D:\workspace\koa_project\node_modules\koa-compose\index.js:42:32)
    at allowedMethods (D:\workspace\koa_project\node_modules\koa-router\lib\router.js:407:12)
    at dispatch (D:\workspace\koa_project\node_modules\koa-compose\index.js:42:32)
    at dispatch (D:\workspace\koa_project\node_modules\koa-router\lib\router.js:332:32)
    at dispatch (D:\workspace\koa_project\node_modules\koa-compose\index.js:42:32)
    at D:\workspace\koa_project\node_modules\koa-body\index.js:125:14
*************** error log end ***************

